<?xml version="1.0" encoding="UTF-8"?>
<testng-results ignored="0" total="1" passed="1" failed="0" skipped="0">
  <reporter-output>
  </reporter-output>
  <suite started-at="2024-07-23T14:30:32 IST" name="Default suite" finished-at="2024-07-23T14:30:46 IST" duration-ms="13437">
    <groups>
    </groups>
    <test started-at="2024-07-23T14:30:32 IST" name="Default test" finished-at="2024-07-23T14:30:46 IST" duration-ms="13437">
      <class name="com.Bdt.qa.Testcases.CoursesUsingDataProviders">
        <test-method is-config="true" signature="setup()[pri:0, instance:com.Bdt.qa.Testcases.CoursesUsingDataProviders@1d296da]" started-at="2024-07-23T14:30:35 IST" name="setup" finished-at="2024-07-23T14:30:44 IST" duration-ms="9295" status="PASS">
          <reporter-output>
          </reporter-output>
        </test-method> <!-- setup -->
        <test-method signature="validateCourses(java.lang.String)[pri:0, instance:com.Bdt.qa.Testcases.CoursesUsingDataProviders@1d296da]" started-at="2024-07-23T14:30:44 IST" name="validateCourses" data-provider="courseDataProvider" finished-at="2024-07-23T14:30:46 IST" duration-ms="1668" status="PASS">
          <params>
            <param index="0">
              <value>
                <![CDATA[ASP.NET Core 8 ]]>
              </value>
            </param>
          </params>
          <reporter-output>
          </reporter-output>
        </test-method> <!-- validateCourses -->
      </class> <!-- com.Bdt.qa.Testcases.CoursesUsingDataProviders -->
    </test> <!-- Default test -->
  </suite> <!-- Default suite -->
</testng-results>
